<?xml version="1.0" encoding="UTF-8"?>
<testsuite name="SimpleBankSystemTest" tests="1" skipped="0" failures="0" errors="0" timestamp="2020-11-22T01:03:30" hostname="Dmytros-MacBook-Pro.local" time="0.61">
  <properties/>
  <testcase name="start" classname="SimpleBankSystemTest" time="0.61"/>
  <system-out><![CDATA[?[1;31m
Start test 1?[0m
1. Create an account
2. Log into account
0. Exit
> 0
Bye
?[1;31m
Start test 2?[0m
1. Create an account
2. Log into account
0. Exit
> 0
Bye
?[1;31m
Start test 3?[0m
1. Create an account
2. Log into account
0. Exit
> 0
Bye
?[1;31m
Start test 4?[0m
1. Create an account
2. Log into account
0. Exit
> 0
Bye
?[1;31m
Start test 5?[0m
1. Create an account
2. Log into account
0. Exit
> 1
Your card has been created
Your card number:
4000002857322372
Your card PIN:
2046

1. Create an account
2. Log into account
0. Exit
> 1
Your card has been created
Your card number:
4000001713258754
Your card PIN:
7662

1. Create an account
2. Log into account
0. Exit
> 1
Your card has been created
Your card number:
4000000681840619
Your card PIN:
3745

1. Create an account
2. Log into account
0. Exit
> 1
Your card has been created
Your card number:
4000006817557753
Your card PIN:
0813

1. Create an account
2. Log into account
0. Exit
> 1
Your card has been created
Your card number:
4000007134847687
Your card PIN:
6288

1. Create an account
2. Log into account
0. Exit
> 0
Bye
4000002857322372
4000001713258754
4000000681840619
4000006817557753
4000007134847687
?[1;31m
Start test 6?[0m
1. Create an account
2. Log into account
0. Exit
> 1
Your card has been created
Your card number:
4000007850028843
Your card PIN:
1828

1. Create an account
2. Log into account
0. Exit
> 2
Enter your card number:
> 4000007850028843
Enter your PIN:
> 1828
You have successfully logged in!

1. Balance
2. Add income
3. Do transfer
4. Close account
5. Log out
0. Exit
> 0
Bye
?[1;31m
Start test 7?[0m
1. Create an account
2. Log into account
0. Exit
> 1
Your card has been created
Your card number:
4000002836342582
Your card PIN:
8516

1. Create an account
2. Log into account
0. Exit
> 2
Enter your card number:
> 4000002836342582
Enter your PIN:
> 9075
Wrong card number or PIN!

1. Create an account
2. Log into account
0. Exit
> 0
Bye
?[1;31m
Start test 8?[0m
1. Create an account
2. Log into account
0. Exit
> 1
Your card has been created
Your card number:
4000001464720085
Your card PIN:
7235

1. Create an account
2. Log into account
0. Exit
> 2
Enter your card number:
> 400000504669454
Enter your PIN:
> 7235
Wrong card number or PIN!

1. Create an account
2. Log into account
0. Exit
> 0
Bye
?[1;31m
Start test 9?[0m
1. Create an account
2. Log into account
0. Exit
> 1
Your card has been created
Your card number:
4000008445554053
Your card PIN:
5866

1. Create an account
2. Log into account
0. Exit
> 2
Enter your card number:
> 4000008445554053
Enter your PIN:
> 5866
You have successfully logged in!

1. Balance
2. Add income
3. Do transfer
4. Close account
5. Log out
0. Exit
> 1
Balance 0.0
1. Balance
2. Add income
3. Do transfer
4. Close account
5. Log out
0. Exit
> 0
Bye
?[1;31m
Start test 10?[0m
1. Create an account
2. Log into account
0. Exit
> 1
Your card has been created
Your card number:
4000008133664354
Your card PIN:
2226

1. Create an account
2. Log into account
0. Exit
> 2
Enter your card number:
> 4000008133664354
Enter your PIN:
> 2226
You have successfully logged in!

1. Balance
2. Add income
3. Do transfer
4. Close account
5. Log out
0. Exit
> 2
Enter income:
> 10000
Income was added!

1. Balance
2. Add income
3. Do transfer
4. Close account
5. Log out
0. Exit
> 0
Bye
1. Create an account
2. Log into account
0. Exit
> 2
Enter your card number:
> 4000008133664354
Enter your PIN:
> 2226
You have successfully logged in!

1. Balance
2. Add income
3. Do transfer
4. Close account
5. Log out
0. Exit
> 2
Enter income:
> 15000
Income was added!

1. Balance
2. Add income
3. Do transfer
4. Close account
5. Log out
0. Exit
> 0
Bye
?[1;31m
Start test 11?[0m
1. Create an account
2. Log into account
0. Exit
> 1
Your card has been created
Your card number:
4000001118431618
Your card PIN:
3801

1. Create an account
2. Log into account
0. Exit
> 1
Your card has been created
Your card number:
4000007750506823
Your card PIN:
4104

1. Create an account
2. Log into account
0. Exit
> 2
Enter your card number:
> 4000007750506823
Enter your PIN:
> 4104
You have successfully logged in!

1. Balance
2. Add income
3. Do transfer
4. Close account
5. Log out
0. Exit
> 3
Transfer
Enter card number:
> 2000007269641764
Probably you made mistake in the card number. Please try again!

1. Balance
2. Add income
3. Do transfer
4. Close account
5. Log out
0. Exit
> 3
Transfer
Enter card number:
> 2000007269641768
Such a card does not exist.

1. Balance
2. Add income
3. Do transfer
4. Close account
5. Log out
0. Exit
> 3
Transfer
Enter card number:
> 4000001118431618
Enter how much money you want to transfer:
> 100000
Not enough money!

1. Balance
2. Add income
3. Do transfer
4. Close account
5. Log out
0. Exit
> 2
Enter income:
> 20000
Income was added!

1. Balance
2. Add income
3. Do transfer
4. Close account
5. Log out
0. Exit
> 3
Transfer
Enter card number:
> 4000001118431618
Enter how much money you want to transfer:
> 10000
Success!

1. Balance
2. Add income
3. Do transfer
4. Close account
5. Log out
0. Exit
> 0
Bye
?[1;31m
Start test 12?[0m
1. Create an account
2. Log into account
0. Exit
> 1
Your card has been created
Your card number:
4000000172866479
Your card PIN:
2085

1. Create an account
2. Log into account
0. Exit
> 2
Enter your card number:
> 4000000172866479
Enter your PIN:
> 2085
You have successfully logged in!

1. Balance
2. Add income
3. Do transfer
4. Close account
5. Log out
0. Exit
> 4
The account has been closed!

1. Create an account
2. Log into account
0. Exit
> 0
Bye
]]></system-out>
  <system-err><![CDATA[]]></system-err>
</testsuite>
